1 3 2 14 8 11 21 16 7 23 15 19 17 18 6 12 9 22 4 13 20 5 10
1 5 12 15 11 17 19 10 7 6 22 23 16 3 14 8 20 9 4 13 18 2 21
1 5 12 17 11 3 20 10 13 2 15 21 19 16 9 4 6 7 22 8 18 14 23
1 5 20 10 8 17 14 9 16 2 19 11 13 12 23 7 3 21 15 18 6 22 4
1 7 5 21 18 22 6 2 13 20 10 11 16 3 15 23 4 17 9 19 12 14 8
1 8 14 13 7 17 19 4 15 11 6 22 5 10 23 20 21 2 16 3 18 9 12
1 9 23 18 15 19 21 12 5 10 2 14 4 13 7 3 20 8 11 22 6 16 17
1 10 18 7 21 12 14 13 8 11 4 20 16 6 23 17 5 9 15 22 19 2 3
1 11 14 21 16 18 4 10 19 3 22 15 5 2 6 23 17 13 12 20 8 9 7
1 11 22 21 13 18 15 10 16 6 19 5 12 14 17 4 2 20 8 9 3 7 23
1 14 12 20 10 13 18 17 8 4 11 5 16 22 15 19 6 7 2 21 9 23 3
1 14 18 8 22 7 6 4 9 16 19 21 15 2 13 10 20 3 11 17 12 5 23
1 15 10 4 5 12 21 23 11 3 9 6 14 13 2 19 22 18 16 20 7 17 8
1 16 13 11 17 8 19 22 12 7 21 15 20 5 9 18 14 2 10 3 4 6 23
1 17 15 23 13 16 21 20 11 7 14 8 19 3 18 22 9 10 5 2 12 4 6
1 18 17 13 6 21 11 8 10 5 19 7 20 14 12 4 22 2 3 15 23 9 16
1 21 3 11 22 19 17 10 23 8 4 18 13 15 14 20 7 12 6 16 2 5 9
2 7 15 8 12 18 3 14 5 4 22 23 20 6 13 1 17 9 11 21 16 10 19
2 8 6 11 12 3 10 18 15 5 16 4 7 21 14 23 22 17 19 13 9 1 20
2 9 8 20 23 13 19 16 17 11 4 18 1 12 3 21 7 5 15 10 14 22 6
2 9 14 4 10 12 16 17 1 21 8 18 7 19 22 13 11 6 3 20 5 23 15
2 10 19 4 14 7 18 22 17 13 3 15 9 23 20 1 16 21 8 6 5 11 12
2 10 19 9 16 21 8 6 17 13 1 11 23 22 14 15 4 18 12 5 7 20 3
2 12 7 13 22 21 19 10 14 16 6 3 18 23 4 5 17 9 20 8 1 15 11
2 12 20 18 5 8 22 11 16 9 3 19 4 23 1 14 21 13 10 6 15 17 7
2 13 9 16 11 5 20 19 10 15 3 21 8 22 7 17 23 1 4 12 14 6 18
2 13 14 19 9 6 5 20 22 11 7 16 4 17 23 1 21 3 15 10 8 18 12
2 14 12 23 5 9 8 21 16 22 15 11 20 3 17 19 13 4 1 6 7 10 18
2 15 9 10 7 21 20 22 5 16 11 19 23 1 13 18 4 14 3 6 12 8 17
2 15 10 1 21 13 23 19 4 18 11 14 3 8 7 5 20 22 9 6 12 16 17
2 17 12 13 5 19 4 8 18 9 21 7 23 16 3 1 14 20 22 11 10 6 15
2 17 15 5 21 9 13 10 18 12 8 1 7 19 22 14 3 23 6 20 4 11 16
2 17 18 23 10 3 12 1 15 22 5 21 6 14 11 9 19 13 8 7 20 16 4
2 18 20 15 5 22 13 1 4 10 8 23 19 16 9 14 21 3 7 6 17 11 12
2 19 10 16 21 11 9 17 1 13 6 20 23 22 4 5 14 3 18 12 8 15 7
2 19 20 17 3 22 11 21 14 12 18 23 8 7 10 1 5 16 6 13 15 9 4
2 20 12 13 18 7 10 21 11 9 6 16 22 15 3 23 1 5 4 17 19 14 8
2 21 14 4 10 12 16 5 13 9 8 18 19 7 22 1 23 6 15 20 17 11 3
2 22 14 4 8 21 23 6 20 5 11 16 15 3 1 9 19 10 17 12 13 7 18
3 5 17 12 22 7 6 10 21 19 13 2 15 23 14 20 1 18 11 8 4 9 16
3 7 10 9 16 22 17 14 12 5 21 13 15 6 2 11 1 23 4 19 20 8 18
3 10 16 13 5 18 1 22 23 4 2 14 19 9 12 20 6 8 7 17 21 15 11
3 10 20 9 18 2 19 7 21 23 5 4 8 14 15 11 1 22 16 13 6 17 12
3 10 21 12 13 6 8 20 18 23 11 5 1 22 9 19 14 17 2 16 15 7 4
3 13 6 19 10 11 18 5 14 12 1 22 2 8 23 17 20 16 15 7 4 21 9
3 13 10 21 2 15 19 12 6 7 5 20 16 22 17 1 23 11 14 4 18 9 8
3 13 17 14 4 11 16 22 9 21 7 6 2 15 23 18 19 12 1 20 5 8 10
3 13 18 20 1 14 6 23 7 22 10 19 2 9 4 5 17 11 15 21 8 16 12
3 15 10 12 19 13 4 21 7 20 17 2 8 6 22 1 5 23 11 16 9 18 14
3 15 14 18 19 5 13 22 11 6 23 20 16 8 2 4 10 1 17 7 21 9 12
3 15 16 11 9 22 7 1 8 4 18 21 23 13 10 2 12 17 6 14 5 20 19
3 17 16 23 10 6 12 21 22 20 4 9 1 13 8 18 11 14 2 15 19 5 7
3 19 1 4 15 6 7 17 14 23 11 18 16 9 5 13 8 12 2 20 22 21 10
3 21 12 18 19 6 4 16 8 5 1 22 15 20 2 10 23 11 14 13 17 7 9
3 22 1 12 20 16 23 21 9 13 15 4 10 19 11 6 18 17 14 5 8 2 7
3 22 6 18 13 5 23 14 15 2 9 19 4 1 16 12 17 10 8 7 21 11 20
3 22 15 12 17 5 13 4 11 23 21 7 16 20 1 2 18 8 10 9 19 14 6
4 3 16 12 15 10 19 20 2 6 21 8 22 5 7 13 1 18 23 14 11 9 17
4 8 21 13 22 15 14 3 17 1 6 23 18 5 11 2 20 16 10 12 9 7 19
4 13 6 20 10 16 18 21 17 12 9 7 19 1 2 15 14 5 23 3 11 22 8
4 14 21 6 11 13 19 7 22 2 23 1 10 5 8 16 20 18 17 9 3 15 12
4 15 8 13 16 23 11 20 2 10 22 19 6 7 5 1 21 12 14 18 17 3 9
4 16 9 23 18 20 5 10 8 21 3 2 17 1 19 7 11 22 12 15 6 13 14
4 18 7 16 21 5 17 11 1 3 22 14 13 19 23 20 6 2 15 10 8 9 12
4 20 9 14 11 3 18 1 19 15 10 21 23 13 16 22 2 12 6 7 5 17 8
4 20 18 12 8 1 9 19 14 23 10 7 13 5 22 2 3 21 11 15 6 17 16
5 2 19 3 16 20 12 23 10 15 1 4 14 13 9 7 21 22 11 6 18 8 17
5 3 2 20 1 12 9 19 7 15 21 6 22 17 10 23 14 18 8 4 11 13 16
5 9 15 16 19 7 1 21 4 14 12 23 8 20 13 22 2 17 3 11 18 10 6
5 12 3 20 10 2 22 19 7 18 23 4 13 14 17 6 8 1 9 15 11 21 16
5 13 18 10 20 1 8 22 19 2 15 14 16 4 23 12 21 7 3 6 17 11 9
5 14 9 8 15 16 12 2 10 21 23 1 18 6 20 13 19 22 11 3 7 4 17
5 15 9 10 21 12 19 8 7 2 18 3 1 16 20 23 13 22 4 6 14 11 17
5 16 8 2 9 14 11 23 18 22 1 10 20 21 12 15 17 13 6 4 3 19 7
5 17 16 3 19 1 9 2 13 22 10 4 18 14 20 23 15 12 7 8 6 21 11
5 18 8 20 16 3 11 9 12 1 17 19 13 23 22 14 7 2 6 21 4 10 15
5 20 12 17 16 10 22 6 14 9 19 8 1 18 15 3 4 23 21 7 11 2 13
5 20 22 13 7 10 18 6 23 1 17 21 3 2 15 4 16 12 19 11 8 9 14
6 2 18 13 19 10 22 4 7 17 9 23 1 12 5 20 3 11 8 21 15 16 14
6 4 18 20 15 21 5 12 23 11 3 16 1 2 10 9 14 17 7 19 13 22 8
6 11 17 20 8 21 23 18 7 3 2 19 1 15 13 22 5 12 9 10 14 4 16
6 12 4 2 16 3 20 19 23 18 7 1 13 21 9 14 11 22 5 8 15 17 10
6 12 9 16 17 4 14 18 7 3 8 1 15 10 21 23 2 5 22 20 11 19 13
6 12 17 20 5 21 3 23 10 8 1 13 7 9 22 2 11 19 14 18 4 15 16
6 12 17 20 7 18 14 22 10 1 19 13 3 5 4 23 21 16 2 11 15 8 9
6 14 8 17 7 13 23 19 1 20 11 3 15 18 2 16 21 10 12 5 4 22 9
6 15 12 11 17 4 7 8 23 18 1 20 16 14 5 22 3 19 21 10 2 9 13
6 20 7 4 16 12 14 9 18 23 17 10 13 3 1 8 19 2 22 21 5 11 15
6 22 8 13 21 9 18 14 4 3 20 12 15 2 23 1 5 19 16 7 17 10 11
7 2 19 21 6 10 23 17 22 1 15 4 11 12 5 14 20 18 8 16 3 13 9
7 6 13 4 18 15 2 11 16 19 20 12 8 1 23 3 14 22 17 5 9 21 10
7 8 19 22 20 12 14 4 3 13 2 10 17 23 5 18 1 16 21 9 6 15 11
7 10 20 13 17 15 6 1 23 22 2 3 21 11 5 18 14 19 4 12 9 16 8
7 12 2 11 18 9 21 15 23 3 17 10 14 1 19 22 6 4 20 5 16 13 8
7 14 3 18 8 21 6 1 23 19 22 5 17 11 2 13 12 10 20 4 9 15 16
7 14 13 19 21 10 5 20 4 1 11 23 6 9 18 22 15 2 3 16 12 17 8
7 16 14 21 22 19 3 2 6 23 15 1 17 11 13 8 4 12 18 5 10 20 9
7 17 15 19 11 2 18 6 9 4 12 23 22 5 1 20 21 14 8 13 3 10 16
7 17 20 10 4 5 3 21 9 23 12 19 1 13 8 14 22 6 2 18 11 16 15
7 18 10 12 21 20 4 2 3 15 19 22 8 1 17 23 5 13 9 14 11 6 16
7 19 5 15 13 10 3 2 9 20 21 23 6 22 16 1 18 14 4 8 11 17 12
7 21 4 15 5 8 17 10 20 16 1 2 23 12 11 3 9 14 22 19 6 18 13
8 2 6 16 17 19 18 1 4 23 13 20 9 7 21 12 5 14 11 22 3 15 10
8 5 19 20 16 18 22 7 2 1 14 6 21 15 23 11 9 12 17 4 10 3 13
8 6 18 13 15 22 10 16 2 5 4 9 19 23 1 21 17 14 7 20 12 3 11
8 7 22 9 14 10 2 6 1 17 23 11 20 18 15 4 5 13 3 16 19 21 12
8 15 4 12 7 17 18 2 22 14 11 20 13 1 5 23 19 6 9 21 3 16 10
8 15 17 7 12 10 22 16 2 1 23 5 13 19 6 3 21 4 20 9 18 11 14
8 16 10 7 6 15 22 18 21 1 11 13 4 2 17 23 12 5 19 20 3 14 9
9 6 5 17 10 21 16 7 3 23 1 15 13 18 20 2 19 4 8 14 22 11 12
9 7 20 22 14 21 2 18 6 1 23 3 4 13 12 16 19 8 5 17 10 15 11
9 14 5 19 17 20 6 12 16 23 4 1 2 18 8 3 22 10 21 13 7 15 11
10 8 17 11 12 15 20 5 9 23 1 16 7 3 22 2 19 21 13 6 18 4 14
11 4 14 15 19 9 12 21 3 5 1 23 22 8 2 10 16 7 20 17 6 18 13
