1 3 18 19 24 11 4 13 2 16 23 6 22 7 15 12 10 20 14 9 8 21 17 5
1 4 21 8 6 13 19 5 16 15 23 24 12 2 14 18 7 9 22 17 10 20 11 3
1 5 24 16 12 6 8 3 2 11 4 18 21 9 20 10 7 15 22 13 14 19 17 23
1 12 16 22 18 8 9 7 21 13 10 20 15 3 5 24 23 2 19 6 14 17 11 4
2 16 20 13 8 11 21 1 12 18 4 22 24 23 6 7 5 10 19 3 15 9 17 14
3 14 9 24 12 16 6 15 1 8 2 20 13 11 10 7 17 22 4 5 18 21 23 19
4 3 16 13 22 15 11 5 7 24 10 21 8 20 23 14 6 1 17 2 12 18 19 9
4 15 11 21 14 12 7 24 23 20 2 17 3 22 1 9 18 8 13 16 5 6 19 10
4 22 9 11 17 8 3 19 12 20 5 18 1 2 14 21 24 23 15 13 7 16 6 10
5 4 10 20 22 18 16 1 12 15 23 2 24 11 3 21 9 6 13 14 8 17 7 19
5 8 10 21 20 15 9 23 13 18 6 2 22 3 12 24 11 4 17 1 19 16 7 14
5 10 16 3 14 23 22 6 9 2 24 4 19 13 1 18 15 17 21 11 7 8 20 12
5 14 8 9 22 18 6 16 23 2 19 24 1 21 13 12 3 11 4 15 17 20 10 7
5 15 16 7 11 10 2 14 23 20 22 3 24 8 1 21 17 6 4 18 13 19 9 12
5 20 15 17 9 22 8 24 3 12 16 4 14 11 1 23 10 6 13 21 2 7 19 18
6 3 12 15 17 13 14 24 10 8 19 2 18 9 4 23 22 16 1 5 20 7 21 11
6 15 4 22 14 16 1 20 2 10 21 5 17 13 3 19 23 24 7 12 18 11 9 8
6 15 9 19 21 4 5 17 16 13 18 8 24 1 22 11 3 20 2 10 23 7 14 12
6 20 4 16 12 22 14 3 23 21 7 11 8 2 1 24 17 18 5 13 15 10 19 9
7 10 17 15 8 12 1 18 3 22 21 16 24 14 6 2 23 11 13 19 5 20 4 9
7 22 15 10 14 19 20 8 4 6 5 24 21 1 13 16 3 12 23 9 17 11 2 18
7 22 16 17 13 3 14 5 21 18 6 1 11 9 15 24 8 20 19 23 10 2 4 12
8 13 19 14 21 11 10 18 2 4 20 24 7 3 6 16 1 22 15 12 23 5 17 9
8 15 3 12 6 22 19 21 20 11 1 5 24 7 13 23 4 2 16 9 14 17 18 10
9 18 2 6 14 20 21 7 24 1 19 16 11 22 15 5 17 4 3 23 12 8 10 13
