1 7 3 5 8 21 22 4 9 19 16 15 13 6 24 18 25 11 20 10 14 2 17 12 23
1 22 3 8 4 14 2 5 9 20 18 24 13 21 12 11 23 16 10 19 6 7 25 15 17
2 9 15 25 20 13 4 12 23 3 19 5 17 16 21 22 24 1 18 10 7 11 14 8 6
2 10 6 3 15 4 11 17 18 1 21 9 13 8 19 24 14 12 5 23 7 20 22 25 16
2 21 6 22 9 11 25 8 18 16 17 14 13 19 1 5 12 7 3 20 23 15 4 24 10
3 14 9 24 12 16 6 15 1 8 2 20 13 11 10 7 17 22 4 5 18 21 23 19 25
3 21 9 15 24 11 14 12 1 5 22 19 13 18 20 2 23 7 8 4 16 6 25 10 17
4 3 12 18 5 9 11 16 10 6 21 2 13 25 15 23 24 1 19 14 7 17 8 22 20
4 17 9 16 15 5 11 19 13 14 3 23 6 8 22 20 2 24 21 25 12 7 10 1 18
4 20 12 19 17 8 9 21 10 15 3 5 13 16 25 22 2 24 23 7 1 14 18 11 6
5 6 15 14 20 18 10 25 19 22 12 16 13 1 8 3 11 2 24 17 4 9 21 23 7
5 9 15 25 14 1 6 20 19 17 2 23 13 4 16 12 21 3 22 24 18 10 7 8 11
6 4 18 9 19 12 7 25 2 3 11 1 13 24 5 20 16 10 15 17 21 8 14 23 22
6 8 14 11 7 10 18 1 24 22 21 16 17 5 19 3 23 12 4 13 20 25 15 9 2
6 11 18 14 1 7 23 24 2 22 25 16 13 5 3 15 10 21 9 8 17 19 12 20 4
6 11 22 18 15 4 21 2 20 23 3 10 14 12 5 24 25 19 9 1 17 16 7 13 8
6 18 15 20 11 25 3 1 7 14 24 12 2 13 21 4 5 22 8 17 19 23 16 10 9
6 21 14 12 15 4 17 2 11 8 16 20 25 5 24 18 1 7 19 3 23 22 13 9 10
7 11 17 5 4 21 10 24 3 19 1 16 14 15 22 6 18 23 25 8 2 12 20 13 9
7 18 8 11 20 3 16 9 23 14 12 13 2 4 24 19 1 6 25 10 22 21 17 5 15
7 20 4 3 14 22 8 17 11 25 23 15 2 21 16 1 18 6 10 13 19 24 5 12 9
7 23 21 9 4 17 24 2 11 3 8 1 13 16 12 22 19 25 10 18 20 14 15 6 5
7 24 21 4 2 20 14 9 11 10 22 12 13 17 6 25 5 8 18 3 16 23 19 1 15
8 13 7 16 17 1 9 19 25 24 5 12 14 10 3 23 20 2 21 4 15 18 22 11 6
8 14 24 25 21 16 5 3 20 17 19 23 13 6 11 18 4 22 7 1 15 2 10 9 12
8 19 24 10 23 5 9 6 20 12 3 4 13 11 17 7 22 15 25 2 1 21 16 18 14
8 25 16 19 14 1 5 2 24 6 4 18 20 3 23 12 13 7 15 21 11 10 17 9 22
9 10 16 23 19 17 8 22 5 4 21 13 2 12 24 14 7 1 3 25 11 20 15 18 6
9 11 1 19 20 7 16 10 3 15 14 5 13 2 8 6 17 21 24 12 22 18 23 4 25
9 12 5 24 19 13 10 6 18 1 16 21 2 15 23 25 11 17 8 22 14 3 4 20 7
9 13 20 12 2 8 25 23 18 6 22 15 14 16 1 19 3 24 10 21 4 5 17 11 7
9 16 1 20 10 22 18 19 3 24 6 8 13 7 4 21 25 14 12 15 2 11 17 5 23
9 18 6 20 12 25 8 16 2 1 17 22 3 23 21 15 19 10 7 14 24 4 5 11 13
10 1 4 6 19 3 21 14 12 2 7 18 13 17 5 25 8 9 15 22 11 23 20 16 24
10 9 13 22 23 3 19 7 1 18 24 5 25 20 16 8 11 2 17 4 15 12 14 21 6
10 13 22 23 3 8 25 19 1 7 17 2 6 21 14 11 18 9 5 24 12 20 15 4 16
10 22 11 6 14 2 21 17 8 15 12 5 20 24 9 19 25 7 1 18 23 3 4 13 16
10 24 4 15 23 20 3 7 12 5 1 19 13 14 17 16 18 8 25 11 9 22 6 21 2
11 8 7 10 18 24 22 3 21 12 16 4 13 23 2 17 19 20 6 1 14 25 15 9 5
11 21 9 5 4 16 1 20 25 7 2 22 24 13 14 12 3 17 10 23 6 15 18 8 19
11 25 7 3 10 23 8 18 21 1 20 9 13 14 4 16 15 17 12 6 24 22 5 2 19
12 8 10 5 25 24 1 11 4 19 9 15 13 22 23 14 6 20 17 21 3 16 2 7 18
12 9 10 2 15 1 7 22 4 18 11 6 13 23 19 17 20 3 5 16 21 25 24 14 8
13 11 5 4 24 14 7 10 19 15 21 23 3 22 17 1 2 16 8 25 12 20 6 18 9
13 15 21 22 2 12 19 16 7 11 5 3 23 4 9 25 24 10 18 1 14 6 20 8 17
14 17 16 24 11 25 19 4 22 8 15 20 13 3 7 9 6 23 21 10 5 1 2 12 18
14 18 16 21 1 2 25 15 22 7 17 11 13 4 3 12 20 6 9 5 23 10 24 19 8
15 1 19 23 16 3 18 8 5 25 6 17 13 12 22 10 11 9 14 20 2 4 21 24 7
15 5 17 21 22 10 25 6 1 19 24 4 2 13 12 14 23 9 16 3 20 11 8 18 7
15 18 19 16 8 2 4 23 5 14 10 22 13 3 24 9 7 6 20 25 12 1 11 17 21
16 2 22 11 3 6 23 19 14 21 25 7 13 12 9 10 8 18 1 15 17 4 20 5 24
16 4 15 20 12 24 5 9 18 11 14 21 6 2 17 7 1 19 25 8 3 23 22 13 10
16 13 4 3 23 18 1 7 25 19 9 24 20 5 12 15 8 17 21 2 14 6 11 22 10
16 17 13 4 3 23 7 19 25 8 2 21 1 6 10 18 15 24 9 22 11 14 12 5 20
16 25 22 20 7 23 5 12 14 24 19 8 13 9 21 1 18 17 11 4 15 3 6 10 2
17 8 20 6 14 1 18 10 24 25 9 4 23 3 5 11 7 16 19 12 2 22 21 15 13
17 10 25 6 16 4 8 7 23 2 20 18 13 19 22 5 1 12 14 11 24 15 9 21 3
17 13 6 14 24 18 1 3 8 20 4 11 12 10 25 7 23 2 16 5 22 21 9 15 19
17 14 21 2 7 13 16 20 8 25 10 5 24 11 3 1 15 9 18 4 12 23 22 6 19
17 15 25 7 6 19 10 16 23 11 12 21 13 24 18 20 9 5 2 14 4 8 3 22 1
17 16 10 3 7 9 18 4 21 22 5 13 24 14 2 12 19 25 23 1 15 6 11 8 20
18 1 10 7 12 25 21 24 2 20 22 8 6 23 3 14 13 19 11 5 15 16 9 17 4
18 7 2 16 3 21 17 20 6 14 23 22 13 15 9 19 4 11 1 24 25 5 10 8 12
18 12 2 1 5 10 21 23 6 9 7 3 13 20 15 8 22 4 19 25 11 24 16 17 14
18 13 19 10 9 25 17 7 1 2 21 14 12 16 23 3 6 24 5 22 11 8 4 15 20
19 2 5 22 24 6 12 17 15 16 4 14 13 9 20 1 21 18 8 23 10 3 7 25 11
19 3 5 17 22 9 2 24 15 23 18 25 13 10 14 4 7 1 16 8 6 12 11 20 21
19 6 22 23 12 4 18 9 15 1 3 11 24 5 10 25 8 20 16 13 7 2 21 14 17
19 8 18 15 6 23 10 17 3 12 14 13 24 22 2 7 25 20 1 16 4 5 9 21 11
19 15 9 21 22 5 16 2 23 7 25 10 12 11 4 20 8 3 1 18 24 14 6 13 17
20 5 12 14 11 22 9 24 15 18 10 6 1 21 2 8 25 19 7 23 3 4 13 17 16
20 8 11 6 15 1 23 25 19 12 2 14 24 13 5 22 21 4 18 9 7 3 10 16 17
20 15 4 8 11 22 5 24 6 3 23 16 12 14 21 2 1 7 17 25 9 10 19 13 18
20 15 8 12 25 19 3 2 24 4 1 10 13 21 23 11 16 5 17 18 9 7 14 6 22
20 18 12 15 19 16 8 25 2 4 5 10 9 21 7 23 3 14 22 13 6 1 11 17 24
20 22 8 17 7 14 19 1 24 23 15 25 13 2 21 6 10 16 11 9 5 18 12 3 4
21 17 11 1 12 25 20 6 7 9 24 3 13 22 10 14 5 23 4 2 8 16 19 18 15
21 20 11 12 6 8 16 1 7 4 14 10 13 25 18 23 15 24 2 9 22 17 5 3 19
22 6 14 7 9 18 17 5 16 11 23 21 13 10 1 4 24 2 3 19 25 12 8 15 20
22 9 17 10 11 21 15 7 13 12 23 3 20 18 4 6 24 2 5 1 14 19 16 25 8
22 23 14 8 21 17 15 10 16 20 5 24 13 1 11 3 2 25 7 12 19 9 18 4 6
23 5 17 11 2 15 12 14 25 21 4 7 13 8 6 24 3 19 18 22 10 20 1 16 9
23 12 17 2 14 10 20 11 25 18 24 6 13 15 16 19 9 4 22 21 8 5 3 7 1
24 5 20 4 17 15 1 18 8 10 9 12 13 7 25 21 14 19 23 6 3 11 22 2 16
24 16 20 23 11 22 15 9 8 25 5 17 13 18 7 2 12 14 21 3 19 6 4 1 10
24 17 11 1 6 13 22 14 3 23 7 21 9 10 5 4 2 25 8 16 19 15 12 18 20
25 4 23 18 22 12 24 21 17 6 8 2 13 5 14 15 3 10 16 7 20 19 1 11 9
25 19 23 21 18 5 4 22 17 7 10 11 13 20 2 8 1 15 6 16 12 24 9 14 3
