1 18 16 26 8 7 20 11 17 24 12 13 22 14 25 19 21 10 6 3 15 5 9 4 23 2
1 26 20 24 22 19 6 5 23 18 8 11 12 14 21 3 9 2 16 7 17 13 25 10 15 4
2 6 14 1 4 10 22 17 7 16 5 12 26 25 23 19 11 24 21 15 3 8 18 9 20 13
2 18 11 22 4 24 19 9 15 12 26 10 14 1 8 13 7 20 21 17 16 25 5 3 6 23
2 23 4 9 5 15 3 6 10 21 19 25 14 22 13 12 24 17 11 20 7 8 26 16 18 1
3 6 8 21 5 23 16 14 4 9 20 15 19 7 1 10 11 17 24 13 25 22 18 26 2 12
3 9 23 24 16 18 12 2 21 10 22 5 1 4 20 7 17 25 6 11 8 15 13 26 19 14
4 1 21 5 11 2 9 22 24 6 17 12 26 3 20 10 8 23 16 25 19 7 15 18 14 13
4 15 10 25 13 17 7 16 2 9 3 21 14 12 11 8 18 23 5 6 19 22 24 20 26 1
4 21 24 22 2 11 10 6 7 20 14 19 26 13 17 1 15 12 18 8 3 23 5 16 9 25
5 3 8 23 12 20 1 14 2 26 10 9 6 24 25 19 11 18 13 16 22 4 15 17 21 7
5 20 19 10 2 15 21 8 17 7 12 1 25 11 23 18 3 24 26 6 4 14 22 16 9 13
6 9 21 17 19 16 5 26 14 20 7 11 3 1 10 25 15 22 4 24 23 8 2 12 13 18
7 9 2 22 1 13 26 3 12 11 17 5 19 8 23 20 24 18 16 6 25 21 4 14 15 10
7 21 17 15 4 22 16 13 18 11 19 25 24 6 9 10 26 2 14 1 20 12 23 8 3 5
8 14 9 12 4 20 25 24 11 18 3 21 5 1 16 13 23 2 19 17 7 26 6 10 22 15
8 16 20 21 18 3 10 5 26 4 6 17 9 25 24 12 15 2 22 11 1 7 19 13 23 14
9 14 15 25 19 4 3 23 5 12 2 17 26 24 16 20 7 13 1 22 11 8 10 6 18 21
10 15 14 4 21 25 6 16 18 24 20 23 8 19 5 17 11 12 3 26 13 1 22 2 9 7
11 22 6 26 4 19 18 7 2 20 21 9 13 16 10 3 12 8 15 17 25 23 5 24 1 14
12 2 26 18 22 25 13 24 17 11 10 1 7 19 15 20 9 4 14 16 23 5 21 8 6 3
12 5 17 21 1 20 10 8 25 4 14 11 26 22 6 24 9 16 3 2 7 23 15 18 13 19
13 4 14 8 20 26 16 5 25 12 15 3 2 18 10 21 23 1 22 17 24 9 6 7 11 19
13 8 1 14 12 19 16 21 2 10 20 7 23 26 22 5 17 6 25 15 9 11 3 4 18 24
13 9 16 22 14 4 6 26 24 3 18 23 11 25 1 12 7 17 8 21 15 2 10 19 20 5
13 14 18 15 7 19 25 16 23 8 10 20 3 26 12 17 6 24 22 9 2 11 5 21 1 4
13 20 9 18 8 3 15 21 24 11 19 23 25 26 12 5 16 7 17 22 10 4 1 14 6 2
13 26 3 22 4 2 10 12 19 15 24 17 11 14 18 6 7 25 20 9 8 23 1 21 5 16
14 1 24 5 23 25 17 15 8 12 3 10 16 13 9 21 20 2 7 18 19 4 26 6 22 11
14 7 18 9 19 24 12 6 3 16 8 4 2 1 15 22 11 20 10 5 17 23 26 13 21 25
14 13 9 12 20 8 2 11 4 19 17 7 24 1 15 10 21 3 5 18 25 16 22 6 26 23
14 18 11 5 13 23 21 1 3 24 9 4 16 2 26 15 20 10 19 6 12 25 17 8 7 22
14 19 26 13 15 8 11 6 25 17 7 20 4 1 5 22 10 21 2 12 18 16 24 23 9 3
14 23 13 19 7 1 11 22 2 15 12 24 25 9 17 6 4 26 5 10 3 18 21 20 16 8
15 22 10 6 26 7 17 19 2 23 13 16 1 5 21 3 18 11 24 25 20 4 12 9 14 8
15 25 1 9 5 2 14 3 10 16 17 26 20 8 12 7 18 23 13 11 4 22 6 19 21 24
16 5 21 1 23 8 9 20 25 7 6 18 14 11 17 24 15 19 12 10 2 4 22 3 26 13
17 12 13 23 6 2 21 11 9 3 7 4 19 8 22 10 16 15 24 1 14 26 5 25 18 20
18 13 12 2 8 23 24 4 22 15 25 10 1 3 11 7 20 14 26 5 16 19 17 21 9 6
19 11 7 6 9 24 17 22 1 23 21 10 18 2 3 15 12 25 5 16 26 20 8 14 4 13
19 13 18 15 23 7 2 3 16 9 24 6 22 26 11 14 4 25 8 10 20 1 21 17 5 12
20 6 10 12 23 5 11 14 9 16 8 2 3 21 18 17 1 25 13 26 7 15 4 19 24 22
20 18 25 5 26 14 1 24 15 16 10 22 8 19 4 7 3 9 11 21 2 6 23 13 12 17
21 18 6 10 8 11 22 1 13 7 20 16 24 26 17 2 12 5 23 3 4 19 25 15 14 9
22 7 8 17 25 12 6 19 10 20 15 26 2 16 4 9 24 3 1 21 23 13 5 11 18 14
22 24 19 4 15 7 26 13 25 1 17 18 21 3 2 8 16 9 14 11 5 23 12 10 6 20
23 6 3 5 25 16 17 21 20 7 13 8 1 14 10 26 12 15 9 19 24 4 22 11 18 2
23 12 17 2 14 10 20 11 25 18 24 6 13 15 16 19 9 4 22 21 8 5 3 7 1 26
23 26 6 22 16 25 18 5 3 21 10 15 1 24 7 17 19 4 11 2 8 20 12 9 13 14
24 18 4 3 11 9 15 25 6 17 5 22 26 23 7 20 10 2 21 16 19 12 14 1 8 13
24 21 19 6 22 4 11 13 23 18 7 12 8 20 26 17 16 10 3 14 2 5 9 1 25 15
25 4 23 18 22 12 24 21 17 6 8 2 13 5 14 15 3 10 16 7 20 19 1 11 9 26
25 9 16 5 23 3 8 18 12 15 1 17 13 26 19 14 20 7 6 10 11 2 22 24 21 4
25 21 13 26 23 17 5 10 20 11 22 15 1 2 4 8 16 3 6 12 24 19 9 18 7 14
26 1 7 3 5 8 21 22 4 9 19 16 15 13 6 24 18 25 11 20 10 14 2 17 12 23
26 9 11 1 19 20 7 16 10 3 15 14 5 13 2 8 6 17 21 24 12 22 18 23 4 25
