 1   3   7  15   2   5  11  23  18   8  17   6  13  27  26  24  20  12  25  22  16   4   9  19  10  21  14
 1   3  19  12  23   5  25  20  10  16  13  27  11  15   2   9  14   8  21  22  18  17  26   6   4   7  24
 1   5   2  22   6  12   3  10  23  25   7  18  13  27   4  21  11   9  24  17  26  20   8  16  19  15  14
 1   8  22  18  16   5  23  17  14  19  12  20  26  25   7  10  11  27   3  15   2  21  13  24   9   4   6
 1  15   2  25   6  24  26  18  16   9  13   4  11  17  14  10  22  21   3   8  19  20   5  27   7  23  12
 1  21  19  26   6  27  15   2  25  16  17  11  23   9  20   5   8   4  10  12  22   3   7  24  14  13  18
 1  25  19   5   4  12  10  16  26   7  18   6  23  27  24   8  21  11   3  22  17  20  13  15   2   9  14
 2   3  14  12  21   5  18  20  26  16   4  27  24  15   1   9  19   8  23  22  25  17  10   6  13   7  11
 2   8  26  22  10   3  11   6  20   4  14  15  18  27  25  19   1   5  17  24  16  21   7  23  13  12   9
 2  17  14  12   7  19  18  20  26  16   4  13  24   1  15  23   5   8   9  22  11   3  10   6  27  21  25
 2  20   3   8  23   7  10   5   1   9  13  22  21  27  18  16   4  25  14  15  17  11  24   6  26  12  19
 2  20  17   8   9  21  10  19  15  23  27  22   7  13  18  16   4  11  14   1   3  25  24   6  26  12   5
 2  24  16   4  14   7   5  13  12   1   6  18  27   3  22   8  19   9  15  11  26  23  25  10  17  20  21
 2  24  16   4  14  21  19  27  12  15   6  18  13  17  22   8   5  23   1  25  26   9  11  10   3  20   7
 2  25   8  13   3  23  12   5  19  20  18  22  14   1  27   4  21  16  26   6  17  24  10   9  11   7  15
 3   7   1  22  18  25  17   6  19  20  23   5  13  27   4  15  24  12   2   8  10   9  21  16  14  11  26
 3   9   1   8  13  15  19   4   2  20  11  25   5  17   6  27  14  24   7  10  26  23  22  18  12  21  16
 3  15   6  10  18   8   9   2  13  19  21  26  11  25  12   7   5  27  16  23  22   4  24  20   1  17  14
 3  17   6  19  18  16  22  26  20  27  11  12   5  23  14   2  10   7   9  24   1   4  15  25  21  13   8
 3  19   1  15  12   8   2  20  22  21  26  18  13  25  16  24   7   5   9  10  23   4  11  17   6  27  14
 3  20  27   6  11  25  12  22  21  24  15  13  19   1  26   9   2  23  18   4  17   7   8   5  14  16  10
 3  24  10  26  20  15  13  23  14   1   8   4  22  19  21   2   5  25   9  17   6   7  11  16  27  12  18
 4   3   7  23  25  16  11  12  15  21  26  22  14   1  27  20   9  17  24   6  18   8   2  13  10  19   5
 4   7  24  22   2  25  10   6  21  20  14   5  26  27   3  15   1  12  18   8  17   9  19  16  23  11  13
 4  17  21   9  11  16  25  12   1   7  26  22  14  15  13  20  23   3  24   6  18   8   2  27  10   5  19
 4  21  24  22   2  11  10   6   7  20  14  19  26  13  17   1  15  12  18   8   3  23   5  16   9  25  27
 5  12  26   6  24  25   3   1  14  11   4  16  18  13   7  22  27  23  15  19  10  21   9   8  17  20   2
 5  13  11  25  20   4  22  24  18   7   6   2   3  23   8  12  21  27  15  26   1  16   9  19  10  17  14
 5  15  11   4   3  25  13  16  22  24   9  23  27  19  10  17  14  12  21  26   6   1  18   2  20   7   8
 5  19  10  13   2   8  18   6  24  17   9  20  27   1  14  22  26  21  15  12  11  16  25  23   7   3   4
 5  21  11  18   2  23  19  10  13  24   1  27   3  17  16  25  12  20  22   4  26  15   7   8  14   9   6
 5  25  10  26   2   4  15  22   3  13   7   6   9  23  20  21  27  17   8   1  18  16  12  24  11  19  14
 6   4   9  24  13  21   2  15   3  27  11  10   7  25  26  20  12  19  14  17  23   5  16  18  22   8   1
 6   4  23  24  27   7   2   1  17  13  25  10  21  11  26  20  12   5  14   3   9  19  16  18  22   8  15
 6   9  14   8   7  15  26   4  22  20  12  25  16  17   3  27   1  24  13  10  19  23   2  18  11  21   5
 6  10  23  13  16   1  11  20  15   2   7  26   4  27   9   5  19  25  17   8  24  22   3  21  18  12  14
 6  16  20  12  14   7   1  25   8  17  18  26  11  23  10  24  15  13   3  19  22  27   5   2   9   4  21
 6  16  20  12  14  21  15  11   8   3  18  26  25   9  10  24   1  27  17   5  22  13  19   2  23   4   7
 6  23  14   8  21   1  26   4  22  20  12  11  16   3  17  13  15  24  27  10   5   9   2  18  25   7  19
 7   4  23   2  19  13  22   5  17  27   1  24  10   9  25  26  18   3   8  11  15  21  14  12  20  16   6
 7   5  18   6  26  12  16  19  14   3   2  23  17  27  20  22   9  21   1  15  11   8  13  24  25   4  10
 7   8  11  18   3   5   2  17  13  19   9  20   6  25   1  10  22  27  16  15  23  21  14  24  12   4  26
 7  12  27   6  15  25  10   1   9  11  17  16   2  13   5  22  26  23  24  19   3  21  14   8   4  20  18
 7  16  15  22  27  17  18  13   5   3  25  12  26   1   9   6   2  19   4  23  11  21  14  20  24   8  10
 7  20   3  10  11   9  26  25   1  23   5   8  22  17  13  18   6  15  12  27  19  21  14   4  16  24   2
 7  24  19  26  23   1   6   9  25  15  13   4  18   5  17   2  10  11  20   3  27  21  14  16   8  12  22
 8   7  20   2  18   1   6  26  21  12  14  17  10  19  27  23   9  24  22  16  13  25   3   4  11  15   5
 8  13  21  25  15   4   1  24   9   7  10   2  14  23   5  12  11  27  20  26  22  16  18  19   6  17   3
 8  21  20   2  18  15   6  26   7  12  14   3  10   5  13   9  23  24  22  16  27  11  17   4  25   1  19
 8  23  19  22  27  16  17   9  15  25   3   5  18   1  21   6  10   7   2  13  12  20  14   4  26  24  11
 8  27   7  11   1   4  15  24  23  21  10   2  14   9  19  12  25  13  20  26  22  16  18   5   6   3  17
 9   1   3  17   8  24   6   4  10   7  22  26  11  19  20  16  21  15  27   2  13  12   5  23  18  25  14
 9  12  13  23   7  21  16  24  17   5   1  19  25  27  18  15  14   4  20   6  11   3  10  22  26   8   2
 9  16   2  22   4  17  11  13  14   3  24  12  10   1   7   6  15  19  27  23  18  21   5  20  25   8  26
 9  17  18   2  26  24  27   6  11   1   7  22   5  19   8  21  15  25  20  13  10  12  16   4   3  23  14
 9  21   3  10  26  19  23  18   1   4  13  15  11  25  12  17  16   8   6  24   2  27   7  20  14   5  22
 9  23  18   1  26  20  10  22   4  25   5   8  15  13  14   6   2  21  27  16   3  12  17  19   7  11  24
 9  27   3  24  11  17   1  12   6   4   5  19  15  23  18  25  14  16  21   2  22  13  10  26   8   7  20
10   1  14   4   7  11   6  16  18  24  20   9   8   5  19   3  25  12  17  26  27  15  22   2  23  21  13
10   4  25  24  13   8  11  15   1  21   9  22  20  27  17  23   2   3  14  19  16  12  26   6  18   5   7
10   8  24  20  14   7  25   9   4   5   2   6  23  15  26  12  11  17  19  27  18   3  13  22   1  16  21
10   8  24  20  14  21  11  23   4  19   2   6   9   1  26  12  25   3   5  13  18  17  27  22  15  16   7
10  15  14   4  21  25   6  16  18  24  20  23   8  19   5  17  11  12   3  26  13   1  22   2   9   7  27
10  16   1  12  17  21  22  11  19   3  23  26   7   9   6  24  20  27  14   5  15  13   8   2  18   4  25
10  16  14   5   8   7  17   4  18  23   2   9  26   1  19  13  15  24  21  22  12  25  11   6  27  20   3
10  16  15  12   3   7  22  25   5  17   9  26  21  23   6  24  20  13  14  19   1  27   8   2  18   4  11
11   4  18   2   8  27   1  19  14  13  20  24   6  23  21  26   9  17   5  25  22   7   3  12  15  16  10
11   5  13  20   1  27  23  24  26   8   3  17   9  25  22  15  14   4   7  18   2  19   6  10  16  21  12
11   7  13   6  10  17  25  22  23   8  19   9   1  15  24  27   4  16  26  20  18   5  21  12  14   3   2
11  10   4  24   7  23   3  18  21   9  26  16   5   1  15  27   2  25  17  22  19   6   8  12  20  13  14
11  23  13  27  16  20  26   8   6  21   2  10   1  17  12   4   7   9   5  18  19  24   3  25  22  15  14
11  24  26   4  14  20  12  13   2   7  10   6  21   1  18   5   3  25  15   9  17  16  27  22  19  23   8
11  25  22  23  10  12   6   2   8  15   3  16   9  19  14  26  18   7   5   4  13  24  27  17  21   1  20
11  27  22  18  10  20   5  26   1  23  21   2   3  17  16   7   9  15  12  19   6  24   4   8  13  25  14
12   7  16  10   6   5   2  18  21   4  14   1  22  11  23   3  17   8  26  24   9  13  15  20  27  19  25
12   9  21  13  19  20   5   8  17   7  22  10  14   3  25   4  27  23  16  18  26  24   6  11   2   1  15
12  17  10  24  22   8  19   3   7  20   9  16  13   1   2   4  27  26  18   5  23   6  15  25  21  11  14
12  21  16  10   6  19   2  18   7   4  14  15  22  25   9  17   3   8  26  24  23  27   1  20  13   5  11
12  23   7  27   5  20  19   8   3  21  22  10  14  17  11   4  13   9  16  18  26  24   6  25   2  15   1
13   9  26   6  22  16  11  18  19  17   7  10   1  15  24  21   3   5   4  25   2   8  20  12  23  27  14
13  11  23  16  19   9  17   8  18  12   1  15   3  27  26   5  14  20  21   6  10  25   2  22  24   7   4
13  17  23   9  24  16  18  12   2   7  10  22  19  15   4  20  21   3  11   6  25   8   1  27  26   5  14
13  20   6  10  12   9  19  25  14  23  16   8   2  17   7  18   3  15  11  27  26  21   1   4   5  24  22
13  21  17  19  18   4  11  22   2  12   7  24   1  27  14   6  10   8   9  23  16   5  25  15  20   3  26
13  21  23   2  22  15  27  26  17  12  25   3  19   5   8   9  20  24  18  16   6  11   7   4  14   1  10
13  27  26  17  22   4   2  10  12   5   1  24   3  25  14  18   6  21  11  20  23   8   9  15   7  19  16
14   1   5  16   8  20  26   3  24  23  25   7   4  13  27  18  21  11   9  10  17  12   6  22   2  19  15
14   1  22  11  17  24   5  18  19  23  21   4  12   3  15  10   2   7   6   8  26  20  16  13  27   9  25
14   3  10   5  23  16  15  26   1  13   7  12   8   9  17   2   6  21  18  24  22   4  20  11  25  27  19
14   3  15  20  24   4  22   9  16  13  19  21  12  11  25  26   7   5  27   2  23   8  18  10   6   1  17
14   5  25  24  12  16  18  15   8   3  13   7  20   9  23   6  21  27  17  22   1   4   2  26  10  11  19
14   5  26  27   1   8  25   6  11   3  21  20   4  15  19  22  10   7   2  12  18  16  24   9  23  17  13
14   7  18   9  19  24  12   6   3  16   8   4   2   1  15  22  11  20  10   5  17  23  26  13  21  25  27
14   9   2  15  13  20  17  22   3  11  21   8  24  27  23   6  18   7  26  16  10  12   4   5  19  25   1
14   9  17   4  16  12  10  27  20  11   1   7   8   5  19  22  21  15  25   6  13  24  26   2  18   3  23
14  11  18   9  19  12  27   2  13   1   7  16  20   5  25  26  22  21  10   4   6  24   8   3  17  15  23
14  11  21  25  15   6  23   5  18  26  27   4   2   1  13  16   9  20   7   3  19   8  22  24  10  17  12
14  11  27   8   4  24   6   5  12   1  23  21  16   3  17   2   7   9  15  26  19  20  10  18  22  13  25
14  12  18  21   3  22  24   8  17  25  19   5   9  27   4  26   7   2  15  20  11   1  16  13  23  10   6
14  13   6   3  25   4   9  10  23  19  21  24  16  11  27  18  26   7  22  20   2   8  12   1  15   5  17
14  13   9  12  20   8   2  11   4  19  17   7  24   1  15  10  21   3   5  18  25  16  22   6  26  23  27
14  13  20  12   8   6  19  22  17  25   2  27  15   1   5  16  26   9  21  18   3  23   7  24   4  10  11
14  15   8  16  20  22   9   6  11   3  26   1  13  27  23  12   2  19   7  10  25   5  21   4  24  18  17
14  15  19  16   8  20  26  17  24   9  11  21   4  27  13  18   7  25  23  10   3  12   6  22   2   5   1
14  15  22  25   3  24  19  18   5   9   7   4  12  17   1  10   2  21   6   8  26  20  16  27  13  23  11
14  16  10   7  25   6   4  20  11   3   9  23  19   1  24   2  21  26  13   8  17  27  12  15   5  18  22
14  17   1  20  24   4  22  23  16  27   5   7  12  25  11  26  21  19  13   2   9   8  18  10   6  15   3
14  17   7   3  13  22   5  23  10   2   1  24  26  27  15  12  19   8  21  25   9  20   6   4  18  11  16
14  17  10  19   9  16   1  26  15  27  21  12   8  23   3   2   6   7  18  24  22   4  20  25  11  13   5
14  19  11  24  12  16  18   1   8  17  27  21  20  23   9   6   7  13   3  22  15   4   2  26  10  25   5
14  19  26  13  15   8  11   6  25  17   7  20   4   1   5  22  10  21   2  12  18  16  24  23   9   3  27
14  21  10  19   9   4  16  22  25  12  20  24  26  27  13   6  17   8  18  23  11   5   2  15   7   3   1
14  23   2   1  27  20   3  22  17  25   7   8  24  13   9   6  18  21  26  16  10  12   4  19   5  11  15
14  23   3   4  16  12  10  13  20  25  15  21   8  19   5  22   7   1  11   6  27  24  26   2  18  17   9
14  25  13   8   4  24   6  19  12  15   9   7  16  17   3   2  21  23   1  26   5  20  10  18  22  27  11
14  25  18  23   5  12  13   2  27  15  21  16  20  19  11  26  22   7  10   4   6  24   8  17   3   1   9
14  27   6  17  11   4  23  10   9   5   7  24  16  25  13  18  26  21  22  20   2   8  12  15   1  19   3
14  27  23  12  20   8   2  25   4   5   3  21  24  15   1  10   7  17  19  18  11  16  22   6  26   9  13
15   1   2  11   6  24  26  18  16  23  27   4  25   3  14  10  22   7  17   8   5  20  19  13  21   9  12
15   7   5  26   6  13   1   2  11  16   3  25   9  23  20  19   8   4  10  12  22  17  21  24  14  27  18
15   7  11   9  10  24  17   6  26  16  21   4  27   1  14  22  18  20  19   5  12  23   3  13   8  25   2
15   8  22  18  16  19   9   3  14   5  12  20  26  11  21  10  25  13  17   1   2   7  27  24  23   4   6
15  11   5  19   4  12  10  16  26  21  18   6   9  13  24   8   7  25  17  22   3  20  27   1   2  23  14
15  17   5  12   9  19  11  20  10  16  27  13  25   1   2  23  14   8   7  22  18   3  26   6   4  21  24
15  19   2  22   6  12  17  10   9  11  21  18  27  13   4   7  25  23  24   3  26  20   8  16   5   1  14
16   5  21   1  23   8   9  20  25   7   6  18  14  11  17  24  15  19  12  10   2   4  22   3  26  13  27
16   7  12  18  22   9  26  10  21  24  14  13   6   3  19  11  25  20   2   4   5   1  27   8  15  23  17
16  11  18   4   6  20   9  25  21   8  19  12  15  27  26  24   1   2  10  23   5  22  13   3   7  17  14
16  19   7  15   9   8  23  20  11  21   6  18  14  25   3  24   1   5  12  10   2   4  22  17  26  27  13
16  21  12  18  22  23  26  10   7  24  14  27   6  17   5  25  11  20   2   4  19  15  13   8   1   9   3
17   1   6  10  18   8  23   2  27   5   7  26  25  11  12  21  19  13  16   9  22   4  24  20  15   3  14
17   3   6   5  18  16  22  26  20  13  25  12  19   9  14   2  10  21  23  24  15   4   1  11   7  27   8
17   4   2  24  14   8  16  15  26  21  18  22   7  27  10  23  25   3  13  19  11  12   1   6   9   5  20
17   5  15   1  12   8   2  20  22   7  26  18  27  11  16  24  21  19  23  10   9   4  25   3   6  13  14
17  18  24   4  21   5  25  10   7  19   2  12  23  27  13   1  26   3  11   6   9  22  20  16   8  15  14
17  21  15  22  18  11   3   6   5  20   9  19  27  13   4   1  24  12   2   8  10  23   7  16  14  25  26
17  23  15   8  27   1   5   4   2  20  25  11  19   3   6  13  14  24  21  10  26   9  22  18  12   7  16
17  24  10  26  20   1  27   9  14  15   8   4  22   5   7   2  19  11  23   3   6  21  25  16  13  12  18
18  12  13  16  25  21   6   3  23  11  19   2   7   5  22   4   8  15  14   9  27   1  20  26  10  24  17
18  12  14  23  20  21  11  24  10   5  26  19   2  27   9  15  13   4   7   6  16   3  17  22   1   8  25
18  12  27  16  11   7   6  17   9  25   5   2  21  19  22   4   8   1  14  23  13  15  20  26  10  24   3
18  13  14  24   7   3  22  12  10   4   8   5  20   9  23  11  17  16  25   2  15  27   6  26  19  21   1
18  20   4   8  14   7  17   5  24   9  26  22  19  27   2  16   3  25  23  15  10  11   1   6  13  12  21
18  20   4   8  14  21   3  19  24  23  26  22   5  13   2  16  17  11   9   1  10  25  15   6  27  12   7
18  24   3   4  15  20  17  13  27   7  19   6   8   1  11   5  26  25  14   9  12  16   2  22  10  23  21
18  27  14  24  21  17  22  12  10   4   8  19  20  23   9  25   3  16  11   2   1  13   6  26   5   7  15
19   1  25   4  17  11  27  16  22  24  23   9  13   5  10   3  14  12   7  26   6  15  18   2  20  21   8
19   5  10  27   2   8  18   6  24   3  23  20  13  15  14  22  26   7   1  12  25  16  11   9  21  17   4
19   7  25  18   2   9   5  10  27  24  15  13  17   3  16  11  12  20  22   4  26   1  21   8  14  23   6
19  11  10  26   2   4   1  22  17  27  21   6  23   9  20   7  13   3   8  15  18  16  12  24  25   5  14
19  12  26   6  24  11  17  15  14  25   4  16  18  27  21  22  13   9   1   5  10   7  23   8   3  20   2
19  16  15   5  21   7  12   4  11  23  27   9   3   1  10  13  14  24   8  22  17  25  18   6   2  20  26
19  27  25  11  20   4  22  24  18  21   6   2  17   9   8  12   7  13   1  26  15  16  23   5  10   3  14
20   1  21  17  27  24  13   4   5   7  18  26  14  19   9  16   3  15   8   2   6  12  10  23  22  25  11
20   5   9   6   1  12  11  19  13   3  25  23  10  27   7  22  18  21  26  15  16   8  14  24   2   4  17
20   7   8  26  10  13  22   2  21  16  14  25  18  23  15  19   5   4   6  12   1  17  11  24   3  27   9
20  15   7   3  13  24  27   4  19  21  18  26  14   5  23  16  17   1   8   2   6  12  10   9  22  11  25
20  21   8  26  10  27  22   2   7  16  14  11  18   9   1   5  19   4   6  12  15   3  25  24  17  13  23
21   4   9   2   5  27  22  19   3  13  15  24  10  23  11  26  18  17   8  25   1   7  14  12  20  16   6
21   8  25  18  17  19   2   3  27   5  23  20   6  11  15  10  22  13  16   1   9   7  14  24  12   4  26
21  12  13   6   1  11  10  15  23  25   3  16   2  27  19  22  26   9  24   5  17   7  14   8   4  20  18
21  16   1  22  13   3  18  27  19  17  11  12  26  15  23   6   2   5   4   9  25   7  14  20  24   8  10
21  20  17  10  25  23  26  11  15   9  19   8  22   3  27  18   6   1  12  13   5   7  14   4  16  24   2
21  23  10  22   2  16  12   9  14  25  26   5  11   1   8   6  19   7  27  13  17  20  15   4   3  24  18
21  24   5  26   9  15   6  23  11   1  27   4  18  19   3   2  10  25  20  17  13   7  14  16   8  12  22
22   5  14  20   7  27   2  24   6   8  16  17  12  25  11  15  13   4   1  18  23  19  26  10   3  21   9
22  12   8  16  14   7  13  17  20  25  10   2   3  19  18   4  27   1  11  23   6  15   9  26   5  24  21
22  12   8  16  14  21  27   3  20  11  10   2  17   5  18   4  13  15  25   9   6   1  23  26  19  24   7
22  18   5  15  12  27  17   8  13  26  21   2  24   1  19  23   9   3  11  20   4   6  25   7  10  16  14
22  19  14  20  21  13   2  24   6   8  16   3  12  11  25   1  27   4  15  18   9   5  26  10  17   7  23
22  24   5   4   1  21  26  27  11  15   3  18   7  17   2   8  16  23  14  25  19   9  12  10   6  20  13
22  24  19   4  15   7  26  13  25   1  17  18  21   3   2   8  16   9  14  11   5  23  12  10   6  20  27
23   3  18   2  26  24  13   6  25  15  21  22  19   5   8   7   1  11  20  27  10  12  16   4  17   9  14
23   7  17  10  26   5   9  18  15   4  27   1  25  11  12   3  16   8   6  24   2  13  21  20  14  19  22
23   9  18  15  26  20  10  22   4  11  19   8   1  27  14   6   2   7  13  16  17  12   3   5  21  25  24
23  13  17  24  25   3  15  12   6   4  19   5   1   9  18  11  14  16   7   2  22  27  10  26   8  21  20
23  15  17   3   8  24   6   4  10  21  22  26  25   5  20  16   7   1  13   2  27  12  19   9  18  11  14
23  16   2  22   4   3  25  27  14  17  24  12  10  15  21   6   1   5  13   9  18   7  19  20  11   8  26
24   7   4   6  26  17  18  22  21   8  14   9   2  15  11  27  13  16  10  20  25   5  23  12  19   3   1
24  11   7  19  17  12   3  16  27  21   2   6  14  13  15   8   5  25   4  22  10  20  26   1  18  23   9
24  21   4   6  26   3  18  22   7   8  14  23   2   1  25  13  27  16  10  20  11  19   9  12   5  17  15
24  25  21   5   3  12  17  16  13   7   2   6  14  27   1   8  19  11   4  22  10  20  26  15  18   9  23
25   4  18   2   8  13  15   5  14  27  20  24   6   9   7  26  23   3  19  11  22  21  17  12   1  16  10
25   8   1  22  17   3  16   6   7   4  13  15   9  27   2  19  26   5  10  24  11  21  20  23  14  12  18
25   9  27  13  16  20  26   8   6   7   2  10  15   3  12   4  21  23  19  18   5  24  17  11  22   1  14
25  11  22   9  10  12   6   2   8   1  17  16  23   5  14  26  18  21  19   4  27  24  13   3   7  15  20
25  13  22  18  10  20  19  26  15   9   7   2  17   3  16  21  23   1  12   5   6  24   4   8  27  11  14
25  19  27  20  15  13   9  24  26   8  17   3  23  11  22   1  14   4  21  18   2   5   6  10  16   7  12
25  21  27   6  10   3  11  22   9   8   5  23  15   1  24  13   4  16  26  20  18  19   7  12  14  17   2
26   3  20  15  25   5  16  23   9   8  10   6  14  27   1  24   7  12   2  22  11   4  18  19  17  21  13
26   4  12  24  14   7   9   1  16  13  22  10  15  11   6  20  23   5  27   3   2  19  17  18  25   8  21
26   4  12  24  14  21  23  15  16  27  22  10   1  25   6  20   9  19  13  17   2   5   3  18  11   8   7
26   8  11  20  19   7  18   9  13   5   1   6  21  15  10  12  24  17  14  27  25   3   4  22   2  16  23
26   8  25  20   5  21  18  23  27  19  15   6   7   1  10  12  24   3  14  13  11  17   4  22   2  16   9
26  11  14  16  21   9  10   8   2  12  24  15   4  27  13   5  23  20  19   6  17  25  18  22   1   7   3
26  20   2   6  18  25  17  22   8  24  14  13  10   1   3   9  27  23  11   4  12   7  21   5  15  16  19
26  25  14  16   7  23  10   8   2  12  24   1   4  13  27  19   9  20   5   6   3  11  18  22  15  21  17
27   3   9  23  24  16  18  12   2  21  10  22   5   1   4  20   7  17  25   6  11   8  15  13  26  19  14
27   7   9   2  22   1  13  26   3  12  11  17   5  19   8  23  20  24  18  16   6  25  21   4  14  15  10
27  13  26   3  22   4   2  10  12  19  15  24  17  11  14  18   6   7  25  20   9   8  23   1  21   5  16
27  20   6  10  12  23   5  11  14   9  16   8   2   3  21  18  17   1  25  13  26   7  15   4  19  24  22
27  23  26   6  22  16  25  18   5   3  21  10  15   1  24   7  17  19   4  11   2   8  20  12   9  13  14
27  25   9  16   5  23   3   8  18  12  15   1  17  13  26  19  14  20   7   6  10  11   2  22  24  21   4
27  25  21  13  26  23  17   5  10  20  11  22  15   1   2   4   8  16   3   6  12  24  19   9  18   7  14