1   3   7  15   2   5  11  23  18   8  17   6  13  27  26  24  20  12  25  22  16   4   9  19  10  21  14
1   3  19  12  23   5  25  20  10  16  13  27  11  15   2   9  14   8  21  22  18  17  26   6   4   7  24
1   8  22  18  16   5  23  17  14  19  12  20  26  25   7  10  11  27   3  15   2  21  13  24   9   4   6
1  25  19   5   4  12  10  16  26   7  18   6  23  27  24   8  21  11   3  22  17  20  13  15   2   9  14
2   3  14  12  21   5  18  20  26  16   4  27  24  15   1   9  19   8  23  22  25  17  10   6  13   7  11
2   8  26  22  10   3  11   6  20   4  14  15  18  27  25  19   1   5  17  24  16  21   7  23  13  12   9
2  17  14  12   7  19  18  20  26  16   4  13  24   1  15  23   5   8   9  22  11   3  10   6  27  21  25
2  20   3   8  23   7  10   5   1   9  13  22  21  27  18  16   4  25  14  15  17  11  24   6  26  12  19
2  20  17   8   9  21  10  19  15  23  27  22   7  13  18  16   4  11  14   1   3  25  24   6  26  12   5
2  24  16   4  14   7   5  13  12   1   6  18  27   3  22   8  19   9  15  11  26  23  25  10  17  20  21
2  24  16   4  14  21  19  27  12  15   6  18  13  17  22   8   5  23   1  25  26   9  11  10   3  20   7
2  25   8  13   3  23  12   5  19  20  18  22  14   1  27   4  21  16  26   6  17  24  10   9  11   7  15
3   9   1   8  13  15  19   4   2  20  11  25   5  17   6  27  14  24   7  10  26  23  22  18  12  21  16
3  15   6  10  18   8   9   2  13  19  21  26  11  25  12   7   5  27  16  23  22   4  24  20   1  17  14
3  17   6  19  18  16  22  26  20  27  11  12   5  23  14   2  10   7   9  24   1   4  15  25  21  13   8
3  24  10  26  20  15  13  23  14   1   8   4  22  19  21   2   5  25   9  17   6   7  11  16  27  12  18
4   3   7  23  25  16  11  12  15  21  26  22  14   1  27  20   9  17  24   6  18   8   2  13  10  19   5
4   7  24  22   2  25  10   6  21  20  14   5  26  27   3  15   1  12  18   8  17   9  19  16  23  11  13
4  17  21   9  11  16  25  12   1   7  26  22  14  15  13  20  23   3  24   6  18   8   2  27  10   5  19
5  13  11  25  20   4  22  24  18   7   6   2   3  23   8  12  21  27  15  26   1  16   9  19  10  17  14
5  15  11   4   3  25  13  16  22  24   9  23  27  19  10  17  14  12  21  26   6   1  18   2  20   7   8
5  21  11  18   2  23  19  10  13  24   1  27   3  17  16  25  12  20  22   4  26  15   7   8  14   9   6
5  25  10  26   2   4  15  22   3  13   7   6   9  23  20  21  27  17   8   1  18  16  12  24  11  19  14
6  10  23  13  16   1  11  20  15   2   7  26   4  27   9   5  19  25  17   8  24  22   3  21  18  12  14
6  16  20  12  14   7   1  25   8  17  18  26  11  23  10  24  15  13   3  19  22  27   5   2   9   4  21
6  16  20  12  14  21  15  11   8   3  18  26  25   9  10  24   1  27  17   5  22  13  19   2  23   4   7
6  23  14   8  21   1  26   4  22  20  12  11  16   3  17  13  15  24  27  10   5   9   2  18  25   7  19
7   5  18   6  26  12  16  19  14   3   2  23  17  27  20  22   9  21   1  15  11   8  13  24  25   4  10
11  10   4  24   7  23   3  18  21   9  26  16   5  1  15  27   2  25  17  22  19   6   8  12  20  13  14