1 2 4 8 16 3 6 12 24 19 9 18 7 14 28 27 25 21 13 26 23 17 5 10 20 11 22 15
1 3 9 27 23 11 4 12 7 21 5 15 16 19 28 26 20 2 6 18 25 17 22 8 24 14 13 10
1 4 16 7 11 19 9 10 3 14 20 22 27 12 26 13 8 6 28 17 24 23 5 25 21 2 18 15
1 6 26 11 27 3 5 16 23 4 14 8 7 10 24 21 22 28 18 9 2 19 17 13 25 12 20 15
1 8 6 19 7 27 13 17 20 15 4 3 24 18 28 21 23 10 22 2 16 12 9 14 25 26 5 11
1 10 13 14 24 8 22 17 25 18 6 2 20 26 28 19 16 15 5 21 7 12 4 11 23 27 9 3
1 10 18 19 3 27 25 28 7 12 2 8 23 6 20 9 22 16 26 21 14 11 13 17 5 4 24 15
1 14 10 27 7 23 17 12 19 20 18 8 11 2 16 25 22 4 6 5 26 3 9 21 13 24 28 15
1 15 22 11 20 10 5 17 23 26 13 21 25 27 28 14 7 18 9 19 24 12 6 3 16 8 4 2
1 16 20 3 23 7 13 18 11 10 12 22 19 28 14 5 8 26 24 25 4 27 21 9 17 6 2 15
1 17 22 13 19 23 24 27 11 8 25 15 28 7 18 6 26 12 21 3 5 20 16 14 9 2 10 4
1 18 5 3 25 15 9 17 16 27 22 19 23 8 28 11 24 26 4 14 20 12 13 2 7 10 6 21
1 19 13 15 24 21 22 12 25 11 6 27 20 3 28 10 16 14 5 8 7 17 4 18 23 2 9 26
2 1 15 22 11 20 10 5 17 23 26 13 21 25 27 28 14 7 18 9 19 24 12 6 3 16 8 4
2 3 7 4 24 8 14 5 12 25 27 9 20 15 1 6 23 13 11 26 19 28 22 10 18 21 17 16
2 5 17 8 12 20 10 11 4 15 21 23 28 13 27 14 9 7 1 18 25 24 6 26 22 3 19 16
2 6 18 25 17 22 8 24 14 13 10 1 3 9 27 23 11 4 12 7 21 5 15 16 19 28 26 20
2 7 10 6 21 1 18 5 3 25 15 9 17 16 27 22 19 23 8 28 11 24 26 4 14 20 12 13
2 7 27 12 28 4 6 17 24 5 15 9 8 11 25 22 23 1 19 10 3 20 18 14 26 13 21 16
2 8 9 6 4 11 26 22 16 25 7 10 23 18 17 5 27 1 15 20 28 21 12 14 24 13 3 19
2 9 26 1 19 13 15 24 21 22 12 25 11 6 27 20 3 28 10 16 14 5 8 7 17 4 18 23
2 11 19 20 4 28 26 1 8 13 3 9 24 7 21 10 23 17 27 22 15 12 14 18 6 5 25 16
2 13 1 24 20 12 22 7 28 3 25 23 4 5 19 18 9 11 17 14 21 8 26 6 10 15 27 16
2 13 12 20 14 4 26 24 11 28 8 23 19 22 27 16 17 9 15 25 3 5 18 1 21 6 10 7
2 15 11 28 8 24 18 13 20 21 19 9 12 3 17 26 23 5 7 6 27 4 10 22 14 25 1 16
2 16 12 9 14 25 26 5 11 1 8 6 19 7 27 13 17 20 15 4 3 24 18 28 21 23 10 22
2 17 21 4 24 8 14 19 12 11 13 23 20 1 15 6 9 27 25 26 5 28 22 10 18 7 3 16
2 19 3 8 12 20 10 25 4 1 7 9 28 27 13 14 23 21 15 18 11 24 6 26 22 17 5 16
2 20 26 28 19 16 15 5 21 7 12 4 11 23 27 9 3 1 10 13 14 24 8 22 17 25 18 6
2 21 13 12 28 4 6 3 24 19 1 23 8 25 11 22 9 15 5 10 17 20 18 14 26 27 7 16
2 22 10 23 21 28 18 24 3 4 15 20 17 13 27 7 19 6 8 1 11 5 26 25 14 9 12 16
2 23 18 4 17 7 8 5 14 16 10 28 3 20 27 6 11 25 12 22 21 24 15 13 19 1 26 9
2 25 5 20 4 28 26 15 8 27 17 23 24 21 7 10 9 3 13 22 1 12 14 18 6 19 11 16
2 27 15 24 20 12 22 21 28 17 11 9 4 19 5 18 23 25 3 14 7 8 26 6 10 1 13 16
3 2 26 1 9 25 19 28 21 8 6 24 13 18 4 27 10 20 22 7 14 5 11 23 15 12 16 17
3 4 8 5 25 9 15 6 13 26 28 10 21 16 2 7 24 14 12 27 20 1 23 11 19 22 18 17
3 4 15 20 17 13 27 7 19 6 8 1 11 5 26 25 14 9 12 16 2 22 10 23 21 28 18 24
3 5 18 1 21 6 10 7 2 13 12 20 14 4 26 24 11 28 8 23 19 22 27 16 17 9 15 25
3 6 12 24 19 9 18 7 14 28 27 25 21 13 26 23 17 5 10 20 11 22 15 1 2 4 8 16
3 6 18 9 13 21 11 12 5 16 22 24 1 14 28 15 10 8 2 19 26 25 7 27 23 4 20 17
3 8 28 13 1 5 7 18 25 6 16 10 9 12 26 23 24 2 20 11 4 21 19 15 27 14 22 17
3 12 20 21 5 1 27 2 9 14 4 10 25 8 22 11 24 18 28 23 16 13 15 19 7 6 26 17
3 13 8 25 2 28 15 7 11 9 10 24 17 6 26 16 21 4 27 1 14 22 18 20 19 5 12 23
3 16 8 4 2 1 15 22 11 20 10 5 17 23 26 13 21 25 27 28 14 7 18 9 19 24 12 6
3 16 12 1 9 25 19 14 21 22 20 10 13 4 18 27 24 6 8 7 28 5 11 23 15 26 2 17
3 18 22 5 25 9 15 20 13 12 14 24 21 2 16 7 10 28 26 27 6 1 23 11 19 8 4 17
3 20 4 9 13 21 11 26 5 2 8 10 1 28 14 15 24 22 16 19 12 25 7 27 23 18 6 17
3 23 12 5 19 20 18 22 14 1 27 4 21 16 26 6 17 24 10 9 11 7 15 28 2 25 8 13
3 24 18 28 21 23 10 22 2 16 12 9 14 25 26 5 11 1 8 6 19 7 27 13 17 20 15 4
3 26 6 21 5 1 27 16 9 28 18 24 25 22 8 11 10 4 14 23 2 13 15 19 7 20 12 17
3 27 9 6 2 23 10 18 28 12 19 4 21 15 17 20 1 5 14 25 26 24 16 7 13 8 22 11
4 3 24 18 28 21 23 10 22 2 16 12 9 14 25 26 5 11 1 8 6 19 7 27 13 17 20 15
4 3 27 2 10 26 20 1 22 9 7 25 14 19 5 28 11 21 23 8 15 6 12 24 16 13 17 18
4 5 9 6 26 10 16 7 14 27 1 11 22 17 3 8 25 15 13 28 21 2 24 12 20 23 19 18
4 7 19 10 14 22 12 13 6 17 23 25 2 15 1 16 11 9 3 20 27 26 8 28 24 5 21 18
4 11 23 27 9 3 1 10 13 14 24 8 22 17 25 18 6 2 20 26 28 19 16 15 5 21 7 12
4 12 7 21 5 15 16 19 28 26 20 2 6 18 25 17 22 8 24 14 13 10 1 3 9 27 23 11
4 13 21 22 6 2 28 3 10 15 5 11 26 9 23 12 25 19 1 24 17 14 16 20 8 7 27 18
4 17 7 8 5 14 16 10 28 3 20 27 6 11 25 12 22 21 24 15 13 19 1 26 9 2 23 18
4 17 13 2 10 26 20 15 22 23 21 11 14 5 19 28 25 7 9 8 1 6 12 24 16 27 3 18
4 18 23 2 9 26 1 19 13 15 24 21 22 12 25 11 6 27 20 3 28 10 16 14 5 8 7 17
4 19 23 6 26 10 16 21 14 13 15 25 22 3 17 8 11 1 27 28 7 2 24 12 20 9 5 18
4 21 5 10 14 22 12 27 6 3 9 11 2 1 15 16 25 23 17 20 13 26 8 28 24 19 7 18
4 26 24 11 28 8 23 19 22 27 16 17 9 15 25 3 5 18 1 21 6 10 7 2 13 12 20 14
4 27 7 22 6 2 28 17 10 1 19 25 26 23 9 12 11 5 15 24 3 14 16 20 8 21 13 18
5 2 18 27 23 15 25 24 3 20 14 12 7 22 8 21 26 28 6 17 10 11 1 9 13 4 16 19
5 2 27 12 8 6 13 25 24 26 9 18 4 14 17 28 3 21 11 19 1 23 16 20 15 7 22 10
5 6 10 7 27 11 17 8 15 28 2 12 23 18 4 9 26 16 14 1 22 3 25 13 21 24 20 19
5 8 20 11 15 23 13 14 7 18 24 26 3 16 2 17 12 10 4 21 28 27 9 1 25 6 22 19
5 10 20 11 22 15 1 2 4 8 16 3 6 12 24 19 9 18 7 14 28 27 25 21 13 26 23 17
5 12 23 3 13 8 25 2 28 15 7 11 9 10 24 17 6 26 16 21 4 27 1 14 22 18 20 19
5 15 16 19 28 26 20 2 6 18 25 17 22 8 24 14 13 10 1 3 9 27 23 11 4 12 7 21
5 16 4 27 23 15 25 10 3 6 28 26 7 8 22 21 12 14 20 17 24 11 1 9 13 18 2 19
5 17 23 26 13 21 25 27 28 14 7 18 9 19 24 12 6 3 16 8 4 2 1 15 22 11 20 10
5 19 20 18 22 14 1 27 4 21 16 26 6 17 24 10 9 11 7 15 28 2 25 8 13 3 23 12
5 20 24 7 27 11 17 22 15 14 16 26 23 4 18 9 12 2 28 1 8 3 25 13 21 10 6 19
6 3 16 8 4 2 1 15 22 11 20 10 5 17 23 26 13 21 25 27 28 14 7 18 9 19 24 12
6 9 21 12 16 24 14 15 8 19 25 27 4 17 3 18 13 11 5 22 1 28 10 2 26 7 23 20
6 11 3 16 4 8 10 21 28 9 19 13 12 15 1 26 27 5 23 14 7 24 22 18 2 17 25 20
6 23 7 12 16 24 14 1 8 5 11 13 4 3 17 18 27 25 19 22 15 28 10 2 26 21 9 20
6 25 17 16 4 8 10 7 28 23 5 27 12 1 15 26 13 19 9 14 21 24 22 18 2 3 11 20
6 26 16 21 4 27 1 14 22 18 20 19 5 12 23 3 13 8 25 2 28 15 7 11 9 10 24 17
7 2 10 25 9 5 3 20 13 4 22 28 1 26 12 15 14 8 18 27 6 17 19 23 11 24 16 21
7 8 5 14 16 10 28 3 20 27 6 11 25 12 22 21 24 15 13 19 1 26 9 2 23 18 4 17
7 12 4 17 5 9 11 22 1 10 20 14 13 16 2 27 28 6 24 15 8 25 23 19 3 18 26 21
7 16 24 25 9 5 3 6 13 18 8 14 1 12 26 15 28 22 4 27 20 17 19 23 11 10 2 21
7 21 5 15 16 19 28 26 20 2 6 18 25 17 22 8 24 14 13 10 1 3 9 27 23 11 4 12
7 26 18 17 5 9 11 8 1 24 6 28 13 2 16 27 14 20 10 15 22 25 23 19 3 4 12 21
7 27 24 14 16 23 6 17 11 28 13 1 9 15 19 12 8 3 21 22 20 25 4 26 10 2 5 18
