 1   6   3  28  13   9   7  14  26  25  27  10  19   5  15  18  29   4  22  12  20   2  24  17  21  16   8  23  11 
 1  10   3  22  21  23   7  28  14  17  12   9  16  24  15  20  26  11  29   8   4  27  25   5  19  13   2   6  18 
 1  11   3  25  23   4   7  21  20  22  16  29   9   6  15   5  12  17  10  26  14  18   2   8  28  24  19  27  13 
 1  12  29   3  25  14  26  19  28  27  18  24   7   4   6  11  21  15  16   2  10   8  22  17   5  20  23  13   9 
 1  17  22  13  19  23  24  27  11   8  25  15  28   7  18   6  26  12  21   3   5  20  16  14   9   2  10   4  29 
 1  20  14  16  25  22  23  13  26  12   7  28  21   4  29  11  17  15   6   9   8  18   5  19  24   3  10  27   2 
 1  22  21  17  20  28  16  10  19  12  27  25  15   4   9  23  18  29  11  13  26   5  24   2  14   6   3   7   8 
 1  25  22  23  13  26  12   7  28  21   4  29  11  17  15   6   9   8  18   5  19  24   3  10  27   2  20  14  16 
 2   1   8  12  25  15  18   3  13  22  17   4   9  28   6  29  11   7  21  27  19  10  26  24   5  23  20  14  16 
 2   8  26  18  25  15  16  19  28  24  12   7  23   9  29  27  21   3  11   4  14  13  10   1   5  17  22   6  20 
 2  23   1   7   5  19  29  24  20   9   3  15  22  10  12  21  14  18  17   4  26  11  27  28  25   8  13  16   6 
 2  28  10   1  25  18  22  20  23   9  27  29   7  13  12  26   3   8  19  14  11  21   6  15   5  24  16  17   4 
 3   9  20  17  25  12  27  13   7  16  28   1  24  29  18   6   8  22  26  21  19   2  23  15   5   4  14  10  11 
 3  11   1  10  25  19  14  16  20   4   2  15  27   7  12   8  29  18   6   9  26  23  22  28   5  21  13  24  17 
 3  21  23  22   8  15  26   6  16  11  28   5   2  18  10  14  12  13  27  20   9  29  19  24   7   1   4  17  25 
 4  12  25  28  22   5  10  29  20   9   2  16  17  15  19  11  27  24   1  18  13  23   3  14  21   7   6   8  26 
 4  26  20  17   5   6  14  10   1   3   9  13  29  11  24  22  21  16  23  28   7  27  12  15  25  18   2  19   8 
 6  19  12  20  25  22  18   8  26  17   1  29  28   9  24  13  14  16   2  11  23   3   7  10   5  27   4  21  15 
 6  26  23  28   5   8  27   1  16  14   7  18   4  21  12  20   2  15   3   9  10  24  19  29  25  17  11  13  22 
 7  13   2  17   5  27  28  21   8   6  20  15  19  22   1  24  18  29  14  26   4   3  10  23  25  11  16  12   9 
 7  20  28   8  25  15   1   4  23  27  22  14  16  12   6  13  18  17  26   2  29  11   9  24   5  19  10   3  21 
 8  22  10  19  25  12  28  20  17  21   3  11  13   7  18  14  27   2   1  26  29   9  24  15   5   6   4  23  16 
10  27  28   8   5   3  12  18  22   4  23  15  20  13  29  19   2   1  21  24  26  17  11   7  25   6  14   9  16 
